
/home/runner/work/exp-function-generator-iitr/exp-function-generator-iitr/experiment/simulation/js/demo.js
    1:1   warning  Unnecessary semicolon                      no-extra-semi
   10:9   warning  'connections' is not defined               no-undef
   15:11  warning  'connections' is not defined               no-undef
   19:13  warning  'connections' is not defined               no-undef
   21:34  warning  'connections' is not defined               no-undef
   22:30  warning  'connections' is not defined               no-undef
   23:30  warning  'connections' is not defined               no-undef
   28:3   warning  Mixed spaces and tabs                      no-mixed-spaces-and-tabs
   33:3   warning  Mixed spaces and tabs                      no-mixed-spaces-and-tabs
   34:3   warning  Mixed spaces and tabs                      no-mixed-spaces-and-tabs
   39:2   warning  Mixed spaces and tabs                      no-mixed-spaces-and-tabs
   40:2   warning  Mixed spaces and tabs                      no-mixed-spaces-and-tabs
   50:2   warning  Mixed spaces and tabs                      no-mixed-spaces-and-tabs
   53:9   warning  'showConnectionInfo' is not defined        no-undef
   57:9   warning  'hideConnectionInfo' is not defined        no-undef
   58:13  warning  'listDiv' is not defined                   no-undef
   60:9   warning  'connections' is not defined               no-undef
   61:9   warning  'updateConnections' is not defined         no-undef
   62:26  warning  'connections' is not defined               no-undef
   65:37  warning  'connections' is not defined               no-undef
   66:25  warning  'connections' is not defined               no-undef
   71:32  warning  'connections' is not defined               no-undef
   73:17  warning  'connections' is not defined               no-undef
   75:38  warning  'connections' is not defined               no-undef
   76:34  warning  'connections' is not defined               no-undef
   77:34  warning  'connections' is not defined               no-undef
   81:17  warning  'showConnectionInfo' is not defined        no-undef
   83:17  warning  'hideConnectionInfo' is not defined        no-undef
   86:5   warning  'jsPlumb' is not defined                   no-undef
   88:24  warning  'jsPlumb' is not defined                   no-undef
   94:57  warning  'originalEvent' is defined but never used  no-unused-vars
   95:17  warning  'updateConnections' is not defined         no-undef
   97:65  warning  'originalEvent' is defined but never used  no-unused-vars
   98:17  warning  'updateConnections' is not defined         no-undef
  101:62  warning  'originalEvent' is defined but never used  no-unused-vars
  105:17  warning  'updateConnections' is not defined         no-undef
  138:32  warning  'jsPlumb' is not defined                   no-undef
  140:29  warning  'jsPlumb' is not defined                   no-undef
  143:17  warning  'jsPlumbUtil' is not defined               no-undef
  146:29  warning  'jsPlumb' is not defined                   no-undef
  150:17  warning  'jsPlumbUtil' is not defined               no-undef
  153:31  warning  'jsPlumb' is not defined                   no-undef
  156:17  warning  'jsPlumbUtil' is not defined               no-undef
  162:17  warning  'showConnectionInfo' is not defined        no-undef
  163:17  warning  'jsPlumbUtil' is not defined               no-undef
  168:9   warning  'jsPlumb' is not defined                   no-undef

/home/runner/work/exp-function-generator-iitr/exp-function-generator-iitr/experiment/simulation/js/exp4.js
   4:5   warning  'vp' is defined but never used              no-unused-vars
   5:5   warning  'posy2' is assigned a value but never used  no-unused-vars
   6:5   warning  'phsl' is defined but never used            no-unused-vars
   7:5   warning  'frqfng' is defined but never used          no-unused-vars
   8:5   warning  'axes' is assigned a value but never used   no-unused-vars
   9:5   warning  'vmaxs' is defined but never used           no-unused-vars
  10:5   warning  'tmaxs' is defined but never used           no-unused-vars
  16:10  warning  'posiy2chnge' is defined but never used     no-unused-vars
  36:9   warning  'canvas' is not defined                     no-undef
  37:21  warning  'canvas' is not defined                     no-undef
  37:32  warning  'canvas' is not defined                     no-undef
  39:9   warning  'ctx' is not defined                        no-undef
  39:15  warning  'canvas' is not defined                     no-undef
  41:9   warning  'ctx' is not defined                        no-undef
  42:9   warning  'ctx' is not defined                        no-undef
  42:28  warning  'canvas' is not defined                     no-undef
  42:42  warning  'canvas' is not defined                     no-undef
  47:9   warning  'drawAxis' is not defined                   no-undef
  48:9   warning  'drawGrid' is not defined                   no-undef
  48:18  warning  'ctx' is not defined                        no-undef
  58:5   warning  'J' is not defined                          no-undef
  59:5   warning  'K' is not defined                          no-undef
  60:5   warning  'L' is not defined                          no-undef
  67:9   warning  'o' is assigned a value but never used      no-unused-vars
  72:5   warning  'n' is not defined                          no-undef
  78:25  warning  'n' is not defined                          no-undef
  79:17  warning  'J' is not defined                          no-undef
  79:38  warning  'K' is not defined                          no-undef
  79:43  warning  'L' is not defined                          no-undef

/home/runner/work/exp-function-generator-iitr/exp-function-generator-iitr/experiment/simulation/js/exp4axis.js
    5:5   warning  'vmaxs' is defined but never used                    no-unused-vars
    7:5   warning  'voltperdiv' is defined but never used               no-unused-vars
    9:10  warning  'mainswt' is defined but never used                  no-unused-vars
   16:9   warning  'updateTextBox1' is not defined                      no-undef
   17:9   warning  'updateTextBox2' is not defined                      no-undef
   18:9   warning  'updateTextBox3' is not defined                      no-undef
   24:9   warning  'bthdhlfrc' is not defined                           no-undef
   32:13  warning  'i' is not defined                                   no-undef
   32:40  warning  'i' is not defined                                   no-undef
   33:9   warning  'i' is not defined                                   no-undef
   34:9   warning  'count' is not defined                               no-undef
   34:20  warning  'l1' is not defined                                  no-undef
   34:31  warning  'l2' is not defined                                  no-undef
   53:10  warning  'timepdiv' is defined but never used                 no-unused-vars
   58:9   warning  'drawsine' is not defined                            no-undef
   61:9   warning  'drawhlfrectifier' is not defined                    no-undef
   64:9   warning  'drawsquare' is not defined                          no-undef
   67:9   warning  'bthdhlfrc' is not defined                           no-undef
   70:9   warning  'grndhlfrc' is not defined                           no-undef
   77:10  warning  'drawAxis' is defined but never used                 no-unused-vars
   83:5   warning  'voltperdiv1' is not defined                         no-undef
   84:5   warning  'vmaxs1' is not defined                              no-undef
   84:25  warning  'voltperdiv1' is not defined                         no-undef
   85:5   warning  'voltperdiv2' is not defined                         no-undef
   86:5   warning  'vmaxs2' is not defined                              no-undef
   86:25  warning  'voltperdiv2' is not defined                         no-undef
   94:46  warning  'vmaxs1' is not defined                              no-undef
   97:46  warning  'vmaxs2' is not defined                              no-undef
  100:46  warning  'vmaxs1' is not defined                              no-undef
  101:46  warning  'vmaxs2' is not defined                              no-undef
  114:10  warning  'drawGrid' is defined but never used                 no-unused-vars
  132:5   warning  'axismargin' is assigned a value but never used      no-unused-vars
  139:5   warning  'numofvrtcltick' is assigned a value but never used  no-unused-vars
  144:5   warning  'axislinewidth' is assigned a value but never used   no-unused-vars
  145:5   warning  'axiscolor' is assigned a value but never used       no-unused-vars
  214:10  warning  'chnl1' is defined but never used                    no-unused-vars
  215:5   warning  'drawsine' is not defined                            no-undef
  218:10  warning  'chnl2' is defined but never used                    no-unused-vars
  219:5   warning  'drawhlfrectifier' is not defined                    no-undef
  221:10  warning  'chnl3' is defined but never used                    no-unused-vars
  222:5   warning  'drawsquare' is not defined                          no-undef
  225:10  warning  'bthd' is defined but never used                     no-unused-vars
  226:5   warning  'bthdhlfrc' is not defined                           no-undef
  229:10  warning  'grnds' is defined but never used                    no-unused-vars
  230:5   warning  'grndhlfrc' is not defined                           no-undef

/home/runner/work/exp-function-generator-iitr/exp-function-generator-iitr/experiment/simulation/js/exp4both.js
    5:5   warning  'vp' is defined but never used              no-unused-vars
    6:5   warning  'posy1' is assigned a value but never used  no-unused-vars
    6:12  warning  'posy2' is assigned a value but never used  no-unused-vars
    7:5   warning  'phsl' is defined but never used            no-unused-vars
    8:5   warning  'frqfng' is defined but never used          no-unused-vars
    9:5   warning  'axes' is assigned a value but never used   no-unused-vars
   10:5   warning  'vmaxs' is defined but never used           no-unused-vars
   11:5   warning  'tmaxs' is defined but never used           no-unused-vars
   12:5   warning  'p' is assigned a value but never used      no-unused-vars
   13:10  warning  'posiy1chnge' is defined but never used     no-unused-vars
   16:9   warning  'drawsine' is not defined                   no-undef
   22:9   warning  'grndhlfrc' is not defined                  no-undef
   26:10  warning  'posiy2chnge' is defined but never used     no-unused-vars
   30:8   warning  'drawhlfrectifier' is not defined           no-undef
   36:8   warning  'grndhlfrc' is not defined                  no-undef
   40:10  warning  'posiy3chnge' is defined but never used     no-unused-vars
   41:5   warning  'posy3' is not defined                      no-undef
   44:8   warning  'drawsquare' is not defined                 no-undef
   50:8   warning  'grndhlfrc' is not defined                  no-undef
   66:5   warning  'canvas' is not defined                     no-undef
   67:17  warning  'canvas' is not defined                     no-undef
   67:28  warning  'canvas' is not defined                     no-undef
   69:5   warning  'ctx' is not defined                        no-undef
   69:11  warning  'canvas' is not defined                     no-undef
   71:5   warning  'ctx' is not defined                        no-undef
   72:5   warning  'ctx' is not defined                        no-undef
   72:24  warning  'canvas' is not defined                     no-undef
   72:38  warning  'canvas' is not defined                     no-undef
   73:5   warning  'drawAxis' is not defined                   no-undef
   74:2   warning  'drawGrid' is not defined                   no-undef
   74:11  warning  'ctx' is not defined                        no-undef
   81:7   warning  'J' is not defined                          no-undef
   82:4   warning  Mixed spaces and tabs                       no-mixed-spaces-and-tabs
   82:6   warning  'K' is not defined                          no-undef
   83:4   warning  Mixed spaces and tabs                       no-mixed-spaces-and-tabs
   83:6   warning  'L' is not defined                          no-undef
  107:38  warning  'J' is not defined                          no-undef
  107:56  warning  'K' is not defined                          no-undef
  107:59  warning  'L' is not defined                          no-undef
  108:7   warning  Mixed spaces and tabs                       no-mixed-spaces-and-tabs
  114:35  warning  'x' is already defined                      no-redeclare
  115:34  warning  'y' is already defined                      no-redeclare
  115:38  warning  'J' is not defined                          no-undef
  115:53  warning  'K' is not defined                          no-undef
  115:56  warning  'L' is not defined                          no-undef
  116:7   warning  Mixed spaces and tabs                       no-mixed-spaces-and-tabs
  122:35  warning  'x' is already defined                      no-redeclare
  123:34  warning  'y' is already defined                      no-redeclare
  123:38  warning  'J' is not defined                          no-undef
  123:55  warning  'K' is not defined                          no-undef
  123:60  warning  'L' is not defined                          no-undef
  124:7   warning  Mixed spaces and tabs                       no-mixed-spaces-and-tabs

/home/runner/work/exp-function-generator-iitr/exp-function-generator-iitr/experiment/simulation/js/exp4gnd.js
   3:5   warning  'vp' is defined but never used              no-unused-vars
   4:5   warning  'posy1' is assigned a value but never used  no-unused-vars
   4:12  warning  'posy2' is assigned a value but never used  no-unused-vars
   5:5   warning  'phsl' is defined but never used            no-unused-vars
   6:5   warning  'frqfng' is defined but never used          no-unused-vars
   8:5   warning  'vmaxs' is defined but never used           no-unused-vars
   9:5   warning  'tmaxs' is defined but never used           no-unused-vars
  11:10  warning  'posiy1chnge' is defined but never used     no-unused-vars
  14:9   warning  'drawsine' is not defined                   no-undef
  17:8   warning  'bthdhlfrc' is not defined                  no-undef
  24:10  warning  'posiy2chnge' is defined but never used     no-unused-vars
  28:8   warning  'drawhlfrectifier' is not defined           no-undef
  31:9   warning  'bthdhlfrc' is not defined                  no-undef
  38:10  warning  'posiy3chnge' is defined but never used     no-unused-vars
  42:8   warning  'drawsquare' is not defined                 no-undef
  45:9   warning  'bthdhlfrc' is not defined                  no-undef
  59:5   warning  'canvas' is not defined                     no-undef
  60:17  warning  'canvas' is not defined                     no-undef
  60:28  warning  'canvas' is not defined                     no-undef
  62:5   warning  'ctx' is not defined                        no-undef
  62:11  warning  'canvas' is not defined                     no-undef
  64:5   warning  'ctx' is not defined                        no-undef
  65:5   warning  'ctx' is not defined                        no-undef
  65:24  warning  'canvas' is not defined                     no-undef
  65:38  warning  'canvas' is not defined                     no-undef
  66:2   warning  'drawAxis' is not defined                   no-undef
  67:5   warning  'drawGrid' is not defined                   no-undef
  67:14  warning  'ctx' is not defined                        no-undef
  75:1   warning  Mixed spaces and tabs                       no-mixed-spaces-and-tabs
  75:26  warning  'ctx' is not defined                        no-undef
  76:5   warning  'ctx' is not defined                        no-undef
  77:2   warning  'ctx' is not defined                        no-undef
  78:5   warning  'ctx' is not defined                        no-undef
  79:5   warning  'ctx' is not defined                        no-undef
  80:5   warning  'ctx' is not defined                        no-undef
  81:5   warning  'ctx' is not defined                        no-undef

/home/runner/work/exp-function-generator-iitr/exp-function-generator-iitr/experiment/simulation/js/jsplumb.js
     68:9   warning  'root' is assigned a value but never used                                  no-unused-vars
    130:18  warning  'i' is already defined                                                     no-redeclare
    184:18  warning  'i' is already defined                                                     no-redeclare
    242:22  warning  'j' is already defined                                                     no-redeclare
    264:56  warning  't' is defined but never used                                              no-unused-vars
    279:26  warning  'j' is already defined                                                     no-redeclare
    590:9   warning  'exports' is not defined                                                   no-undef
    624:1   warning  Unnecessary semicolon                                                      no-extra-semi
    634:9   warning  'exports' is not defined                                                   no-undef
    669:9   warning  '_normal' is assigned a value but never used                               no-unused-vars
    680:9   warning  '_lineLength' is assigned a value but never used                           no-unused-vars
    714:9   warning  '_theta' is assigned a value but never used                                no-unused-vars
    733:9   warning  '_intersects' is assigned a value but never used                           no-unused-vars
    755:9   warning  '_encloses' is assigned a value but never used                             no-unused-vars
    772:9   warning  '_pointOnLine' is assigned a value but never used                          no-unused-vars
    789:9   warning  '_perpendicularLineTo' is assigned a value but never used                  no-unused-vars
    797:1   warning  Unnecessary semicolon                                                      no-extra-semi
    854:28  warning  'view' is defined but never used                                           no-unused-vars
    854:34  warning  'target' is defined but never used                                         no-unused-vars
    854:42  warning  'pageX' is defined but never used                                          no-unused-vars
    854:49  warning  'pageY' is defined but never used                                          no-unused-vars
    854:56  warning  'screenX' is defined but never used                                        no-unused-vars
    854:65  warning  'screenY' is defined but never used                                        no-unused-vars
    854:74  warning  'clientX' is defined but never used                                        no-unused-vars
    854:83  warning  'clientY' is defined but never used                                        no-unused-vars
   1048:58  warning  Do not access Object.prototype method 'hasOwnProperty' from target object  no-prototype-builtins
   1090:39  warning  Do not access Object.prototype method 'hasOwnProperty' from target object  no-prototype-builtins
   1140:9   warning  'touchstart' is assigned a value but never used                            no-unused-vars
   1140:36  warning  'touchend' is assigned a value but never used                              no-unused-vars
   1140:59  warning  'touchmove' is assigned a value but never used                             no-unused-vars
   1145:54  warning  Unnecessary escape character: \.                                           no-useless-escape
   1231:73  warning  Invalid typeof comparison value                                            valid-typeof
   1294:38  warning  Do not access Object.prototype method 'hasOwnProperty' from target object  no-prototype-builtins
   1296:51  warning  Do not access Object.prototype method 'hasOwnProperty' from target object  no-prototype-builtins
   1318:29  warning  'el' is defined but never used                                             no-unused-vars
   1318:33  warning  'event' is defined but never used                                          no-unused-vars
   1318:40  warning  'children' is defined but never used                                       no-unused-vars
   1318:50  warning  'fn' is defined but never used                                             no-unused-vars
   1465:9   warning  'exports' is not defined                                                   no-undef
   1498:1   warning  Unnecessary semicolon                                                      no-extra-semi
   1612:54  warning  Unnecessary escape character: \.                                           no-useless-escape
   1736:42  warning  'scope' is defined but never used                                          no-unused-vars
   1744:13  warning  'scroll' is assigned a value but never used                                no-unused-vars
   1894:13  warning  '_addFilter' is assigned a value but never used                            no-unused-vars
   1895:13  warning  '_removeFilter' is assigned a value but never used                         no-unused-vars
   2110:31  warning  Empty block statement                                                      no-empty
   2299:42  warning  'scope' is defined but never used                                          no-unused-vars
   2319:56  warning  'drag' is defined but never used                                           no-unused-vars
   2407:13  warning  '_getMatchingDroppables' is assigned a value but never used                no-unused-vars
   2451:18  warning  'i' is already defined                                                     no-redeclare
   2773:40  warning  'spec' is defined but never used                                           no-unused-vars
   2796:38  warning  'spec' is defined but never used                                           no-unused-vars
   2881:9   warning  'exports' is not defined                                                   no-undef
   2893:42  warning  'exports' is not defined                                                   no-undef
   2942:19  warning  Do not access Object.prototype method 'hasOwnProperty' from target object  no-prototype-builtins
   3038:26  warning  Unnecessary escape character: \.                                           no-useless-escape
   3039:40  warning  Unnecessary escape character: \[                                           no-useless-escape
   3249:36  warning  '_protoFn' is defined but never used                                       no-unused-vars
   3257:45  warning  Do not access Object.prototype method 'hasOwnProperty' from target object  no-prototype-builtins
   3257:83  warning  Do not access Object.prototype method 'hasOwnProperty' from target object  no-prototype-builtins
   3270:41  warning  Do not access Object.prototype method 'hasOwnProperty' from target object  no-prototype-builtins
   3270:79  warning  Do not access Object.prototype method 'hasOwnProperty' from target object  no-prototype-builtins
   3333:42  warning  Empty block statement                                                      no-empty
   3415:23  warning  Empty block statement                                                      no-empty
   3584:2   warning  Unnecessary semicolon                                                      no-extra-semi
   3639:1   warning  Unnecessary semicolon                                                      no-extra-semi
   3642:44  warning  'ep' is defined but never used                                             no-unused-vars
   3642:48  warning  'conn' is defined but never used                                           no-unused-vars
   3772:38  warning  'e' is defined but never used                                              no-unused-vars
   3877:1   warning  Unnecessary semicolon                                                      no-extra-semi
   3909:9   warning  'eventFilters' is assigned a value but never used                          no-unused-vars
   3928:9   warning  '_each' is assigned a value but never used                                 no-unused-vars
   4601:29  warning  'o' is assigned a value but never used                                     no-unused-vars
   4923:13  warning  '_setDraggable' is assigned a value but never used                         no-unused-vars
   5147:56  warning  'args' is defined but never used                                           no-unused-vars
   5195:60  warning  'cEl' is assigned a value but never used                                   no-unused-vars
   5826:13  warning  '_unmanage' is assigned a value but never used                             no-unused-vars
   5922:68  warning  'jsPlumbInstance' is assigned a value but never used                       no-unused-vars
   6492:39  warning  'scope' is defined but never used                                          no-unused-vars
   7179:9   warning  'exports' is not defined                                                   no-undef
   7194:1   warning  Unnecessary semicolon                                                      no-extra-semi
   7312:36  warning  'ignoreAttachedElements' is defined but never used                         no-unused-vars
   7504:1   warning  Unnecessary semicolon                                                      no-extra-semi
   7749:41  warning  'doNotRepaint' is defined but never used                                   no-unused-vars
   7754:50  warning  'doNotRepaint' is defined but never used                                   no-unused-vars
   7819:53  warning  'fireEvent' is defined but never used                                      no-unused-vars
   7819:64  warning  'originalEvent' is defined but never used                                  no-unused-vars
   7933:52  warning  Do not access Object.prototype method 'hasOwnProperty' from target object  no-prototype-builtins
   7979:39  warning  'startParams' is defined but never used                                    no-unused-vars
   8556:17  warning  'elId' is assigned a value but never used                                  no-unused-vars
   8793:1   warning  Unnecessary semicolon                                                      no-extra-semi
   9312:52  warning  Do not access Object.prototype method 'hasOwnProperty' from target object  no-prototype-builtins
   9337:52  warning  Do not access Object.prototype method 'hasOwnProperty' from target object  no-prototype-builtins
   9349:21  warning  'jsPlumb' is not defined                                                   no-undef
   9449:1   warning  Unnecessary semicolon                                                      no-extra-semi
  10157:27  warning  'Biltong' is not defined                                                   no-undef
  10509:23  warning  'jsPlumbUtil' is not defined                                               no-undef
  10742:1   warning  Unnecessary semicolon                                                      no-extra-semi
  10772:53  warning  'x' is defined but never used                                              no-unused-vars
  10772:56  warning  'y' is defined but never used                                              no-unused-vars
  10799:46  warning  'x1' is defined but never used                                             no-unused-vars
  10799:50  warning  'y1' is defined but never used                                             no-unused-vars
  10799:54  warning  'x2' is defined but never used                                             no-unused-vars
  10799:58  warning  'y2' is defined but never used                                             no-unused-vars
  10832:17  warning  '_super' is assigned a value but never used                                no-unused-vars
  10890:46  warning  '_' is defined but never used                                              no-unused-vars
  11092:17  warning  '_super' is assigned a value but never used                                no-unused-vars
  11324:17  warning  '_super' is assigned a value but never used                                no-unused-vars
  11683:13  warning  'dumpSegmentsToConsole' is assigned a value but never used                 no-unused-vars
  11739:48  warning  'anchorPoint' is defined but never used                                    no-unused-vars
  11739:61  warning  'orientation' is defined but never used                                    no-unused-vars
  11739:74  warning  'endpointStyle' is defined but never used                                  no-unused-vars
  11739:89  warning  'connectorPaintStyle' is defined but never used                            no-unused-vars
  11772:13  warning  '_super' is assigned a value but never used                                no-unused-vars
  11778:76  warning  'connectorPaintStyle' is defined but never used                            no-unused-vars
  11799:13  warning  '_super' is assigned a value but never used                                no-unused-vars
  11804:76  warning  'connectorPaintStyle' is defined but never used                            no-unused-vars
  11815:40  warning  'params' is defined but never used                                         no-unused-vars
  11893:48  warning  'orientation' is defined but never used                                    no-unused-vars
  11893:61  warning  'endpointStyle' is defined but never used                                  no-unused-vars
  11893:76  warning  'connectorPaintStyle' is defined but never used                            no-unused-vars
  11919:40  warning  'd' is defined but never used                                              no-unused-vars
  11919:43  warning  'style' is defined but never used                                          no-unused-vars
  11919:50  warning  'anchor' is defined but never used                                         no-unused-vars
  11962:13  warning  '_super' is assigned a value but never used                                no-unused-vars
  11965:48  warning  'orientation' is defined but never used                                    no-unused-vars
  11965:61  warning  'endpointStyle' is defined but never used                                  no-unused-vars
  11965:76  warning  'connectorPaintStyle' is defined but never used                            no-unused-vars
  11981:32  warning  'style' is defined but never used                                          no-unused-vars
  11981:39  warning  'anchor' is defined but never used                                         no-unused-vars
  12014:76  warning  'connectorPaintStyle' is defined but never used                            no-unused-vars
  12043:27  warning  'instance' is defined but never used                                       no-unused-vars
  12043:37  warning  'component' is defined but never used                                      no-unused-vars
  12112:43  warning  'component' is defined but never used                                      no-unused-vars
  12276:17  warning  'jsPlumb' is not defined                                                   no-undef
  12383:37  warning  'component' is defined but never used                                      no-unused-vars
  12393:29  warning  'containerExtents' is defined but never used                               no-unused-vars
  12421:37  warning  'params' is defined but never used                                         no-unused-vars
  12434:42  warning  'currentConnectionPaintStyle' is defined but never used                    no-unused-vars
  12478:13  warning  'labelWidth' is assigned a value but never used                            no-unused-vars
  12478:32  warning  'labelHeight' is assigned a value but never used                           no-unused-vars
  12478:52  warning  'labelText' is assigned a value but never used                             no-unused-vars
  12478:70  warning  'labelPadding' is assigned a value but never used                          no-unused-vars
  12568:1   warning  Unnecessary semicolon                                                      no-extra-semi
  12623:32  warning  'g' is assigned a value but never used                                     no-unused-vars
  12623:42  warning  'child' is assigned a value but never used                                 no-unused-vars
  13026:35  warning  'conn' is defined but never used                                           no-unused-vars
  13026:41  warning  'endpointIndex' is defined but never used                                  no-unused-vars
  13030:37  warning  'conn' is defined but never used                                           no-unused-vars
  13030:43  warning  'endpointIndex' is defined but never used                                  no-unused-vars
  13043:56  warning  'jsPlumb' is not defined                                                   no-undef
  13079:38  warning  '_el' is defined but never used                                            no-unused-vars
  13079:43  warning  'targetGroup' is defined but never used                                    no-unused-vars
  13132:29  warning  'jsPlumbUtil' is not defined                                               no-undef
  13481:25  warning  'child' is assigned a value but never used                                 no-unused-vars
  13505:1   warning  Unnecessary semicolon                                                      no-extra-semi
  13521:41  warning  'lastOrientation' is assigned a value but never used                       no-unused-vars
  13525:13  warning  'loopbackRadius' is assigned a value but never used                        no-unused-vars
  13526:13  warning  'isLoopbackCurrently' is assigned a value but never used                   no-unused-vars
  13870:1   warning  Unnecessary semicolon                                                      no-extra-semi
  13879:13  warning  'curviness' is assigned a value but never used                             no-unused-vars
  13881:13  warning  'proximityLimit' is assigned a value but never used                        no-unused-vars
  13884:13  warning  'isLoopbackCurrently' is assigned a value but never used                   no-unused-vars
  14023:1   warning  Unnecessary semicolon                                                      no-extra-semi
  14118:13  warning  'clockwise' is assigned a value but never used                             no-unused-vars
  14218:1   warning  Unnecessary semicolon                                                      no-extra-semi
  14225:30  warning  'params' is defined but never used                                         no-unused-vars
  14229:46  warning  '_' is defined but never used                                              no-unused-vars
  14250:1   warning  Unnecessary semicolon                                                      no-extra-semi
  14655:35  warning  'style' is defined but never used                                          no-unused-vars
  14678:35  warning  'style' is defined but never used                                          no-unused-vars
  14714:13  warning  'self' is assigned a value but never used                                  no-unused-vars
  14875:1   warning  Unnecessary semicolon                                                      no-extra-semi
  15070:39  warning  'jsPlumb' is not defined                                                   no-undef
  15099:29  warning  'jsPlumb' is not defined                                                   no-undef
  15106:38  warning  Do not access Object.prototype method 'hasOwnProperty' from target object  no-prototype-builtins
  15107:39  warning  'jsPlumb' is not defined                                                   no-undef
  15174:40  warning  Do not access Object.prototype method 'hasOwnProperty' from target object  no-prototype-builtins
  15265:22  warning  'jsPlumb' is not defined                                                   no-undef
  15270:24  warning  'jsPlumb' is not defined                                                   no-undef
  15396:26  warning  Do not access Object.prototype method 'hasOwnProperty' from target object  no-prototype-builtins
  15409:13  warning  'jsPlumb' is not defined                                                   no-undef
  15414:18  warning  'jsPlumb' is not defined                                                   no-undef
  15423:13  warning  'jsPlumb' is not defined                                                   no-undef
  15428:17  warning  'jsPlumb' is not defined                                                   no-undef
  15429:17  warning  'jsPlumb' is not defined                                                   no-undef
  15431:17  warning  'jsPlumb' is not defined                                                   no-undef
  15435:13  warning  'jsPlumb' is not defined                                                   no-undef
  15441:17  warning  'jsPlumb' is not defined                                                   no-undef
  15479:18  warning  'jsPlumb' is not defined                                                   no-undef
  15527:22  warning  'jsPlumb' is not defined                                                   no-undef
  15632:20  warning  'jsPlumb' is not defined                                                   no-undef
  15646:13  warning  'jsPlumb' is not defined                                                   no-undef
  15658:18  warning  'jsPlumb' is not defined                                                   no-undef
  15661:25  warning  'jsPlumb' is not defined                                                   no-undef
  15663:35  warning  'jsPlumb' is not defined                                                   no-undef
  15664:30  warning  'jsPlumb' is not defined                                                   no-undef
  15665:45  warning  'jsPlumb' is not defined                                                   no-undef
  15666:45  warning  'jsPlumb' is not defined                                                   no-undef
  15667:46  warning  'jsPlumb' is not defined                                                   no-undef
  15783:36  warning  'el' is defined but never used                                             no-unused-vars
  15783:40  warning  'options' is defined but never used                                        no-unused-vars
  15786:36  warning  'el' is defined but never used                                             no-unused-vars
  15786:40  warning  'options' is defined but never used                                        no-unused-vars
  15802:45  warning  'zoom' is defined but never used                                           no-unused-vars
  15842:33  warning  'spec' is defined but never used                                           no-unused-vars
  15851:31  warning  'spec' is defined but never used                                           no-unused-vars
  15860:38  warning  'posseId' is defined but never used                                        no-unused-vars
  15919:23  warning  'el' is defined but never used                                             no-unused-vars
  15919:27  warning  'event' is defined but never used                                          no-unused-vars
  15919:34  warning  'callback' is defined but never used                                       no-unused-vars
  15928:24  warning  'el' is defined but never used                                             no-unused-vars
  15928:28  warning  'event' is defined but never used                                          no-unused-vars
  15928:35  warning  'callback' is defined but never used                                       no-unused-vars

/home/runner/work/exp-function-generator-iitr/exp-function-generator-iitr/experiment/simulation/js/sinewave.js
    4:5   warning  'vp' is defined but never used              no-unused-vars
    5:5   warning  'posy1' is assigned a value but never used  no-unused-vars
    6:5   warning  'phsl' is defined but never used            no-unused-vars
    7:5   warning  'frqfng' is defined but never used          no-unused-vars
    8:5   warning  'axes' is assigned a value but never used   no-unused-vars
    9:5   warning  'vmaxs' is defined but never used           no-unused-vars
   10:5   warning  'tmaxs' is defined but never used           no-unused-vars
   15:10  warning  'posiy1chnge' is defined but never used     no-unused-vars
   23:10  warning  'posiy3chnge' is defined but never used     no-unused-vars
   24:5   warning  'posy3' is not defined                      no-undef
   37:5   warning  'canvas' is not defined                     no-undef
   38:17  warning  'canvas' is not defined                     no-undef
   38:28  warning  'canvas' is not defined                     no-undef
   40:5   warning  'ctx' is not defined                        no-undef
   40:11  warning  'canvas' is not defined                     no-undef
   42:5   warning  'ctx' is not defined                        no-undef
   43:5   warning  'ctx' is not defined                        no-undef
   43:24  warning  'canvas' is not defined                     no-undef
   43:38  warning  'canvas' is not defined                     no-undef
   45:5   warning  'drawAxis' is not defined                   no-undef
   46:2   warning  'drawGrid' is not defined                   no-undef
   46:11  warning  'ctx' is not defined                        no-undef
   56:2   warning  'posy2' is not defined                      no-undef
   59:5   warning  'J' is not defined                          no-undef
   60:4   warning  Mixed spaces and tabs                       no-mixed-spaces-and-tabs
   60:6   warning  'K' is not defined                          no-undef
   61:4   warning  Mixed spaces and tabs                       no-mixed-spaces-and-tabs
   61:6   warning  'L' is not defined                          no-undef
   68:22  warning  'o' is assigned a value but never used      no-unused-vars
   73:26  warning  'n' is not defined                          no-undef
   77:6   warning  Mixed spaces and tabs                       no-mixed-spaces-and-tabs
   78:46  warning  'n' is not defined                          no-undef
   79:38  warning  'J' is not defined                          no-undef
   79:55  warning  'K' is not defined                          no-undef
   79:60  warning  'L' is not defined                          no-undef
   80:7   warning  Mixed spaces and tabs                       no-mixed-spaces-and-tabs
   97:5   warning  'canvas' is not defined                     no-undef
   98:17  warning  'canvas' is not defined                     no-undef
   98:28  warning  'canvas' is not defined                     no-undef
  100:5   warning  'ctx' is not defined                        no-undef
  100:11  warning  'canvas' is not defined                     no-undef
  102:5   warning  'ctx' is not defined                        no-undef
  103:5   warning  'ctx' is not defined                        no-undef
  103:24  warning  'canvas' is not defined                     no-undef
  103:38  warning  'canvas' is not defined                     no-undef
  105:5   warning  'drawAxis' is not defined                   no-undef
  106:2   warning  'drawGrid' is not defined                   no-undef
  106:11  warning  'ctx' is not defined                        no-undef
  114:2   warning  'posy2' is not defined                      no-undef
  117:5   warning  'J' is not defined                          no-undef
  118:4   warning  Mixed spaces and tabs                       no-mixed-spaces-and-tabs
  118:6   warning  'K' is not defined                          no-undef
  119:4   warning  Mixed spaces and tabs                       no-mixed-spaces-and-tabs
  119:6   warning  'L' is not defined                          no-undef
  126:23  warning  'o' is assigned a value but never used      no-unused-vars
  131:26  warning  'n' is not defined                          no-undef
  135:46  warning  'n' is not defined                          no-undef
  136:38  warning  'J' is not defined                          no-undef
  136:56  warning  'K' is not defined                          no-undef
  136:59  warning  'L' is not defined                          no-undef
  137:7   warning  Mixed spaces and tabs                       no-mixed-spaces-and-tabs

✖ 483 problems (0 errors, 483 warnings)
  0 errors and 19 warnings potentially fixable with the `--fix` option.

